(c) Copyright IBM Corporation 1993,2007
Command Line Processor for DB2 Client 11.5.9.0

You can issue database manager commands and SQL statements from the command 
prompt. For example:
    db2 => connect to sample
    db2 => bind sample.bnd

For general help, type: ?.
For command help, type: ? command, where command can be
the first few keywords of a database manager command. For example:
 ? CATALOG DATABASE for help on the CATALOG DATABASE command
 ? CATALOG          for help on all of the CATALOG commands.

To exit db2 interactive mode, type QUIT at the command prompt. Outside 
interactive mode, all commands must be prefixed with 'db2'.
To list the current command option settings, type LIST COMMAND OPTIONS.

For more detailed help, refer to the Online Reference Manual.

db2 => db2 => db2 => db2 => db2 => CONNECT TO COMP421

   Database Connection Information

 Database server        = DB2/LINUXX8664 11.5.9.0
 SQL authorization ID   = CS421G02
 Local database alias   = COMP421


db2 => db2 => db2 => db2 => db2 => db2 => db2 => db2 => db2 (cont.) => db2 (cont.) => db2 (cont.) => db2 (cont.) => db2 (cont.) => db2 (cont.) => db2 (cont.) => db2 (cont.) => db2 (cont.) => CREATE TABLE employee ( emp_id          INTEGER      NOT NULL, name            VARCHAR(40) NOT NULL, position_title  VARCHAR(50) NOT NULL, start_date      DATE         NOT NULL, email           VARCHAR(40) NOT NULL, password        VARCHAR(20)  NOT NULL, CONSTRAINT pk_employee PRIMARY KEY (emp_id), CONSTRAINT uq_employee_email UNIQUE (email) )
DB20000I  The SQL command completed successfully.

db2 => db2 => db2 => db2 (cont.) => db2 (cont.) => db2 (cont.) => db2 (cont.) => db2 (cont.) => db2 (cont.) => CREATE TABLE manager ( emp_id INTEGER           NOT NULL, CONSTRAINT pk_manager PRIMARY KEY (emp_id), CONSTRAINT fk_manager_employee FOREIGN KEY (emp_id) REFERENCES employee(emp_id) ON DELETE CASCADE )
DB20000I  The SQL command completed successfully.

db2 => db2 => db2 => db2 (cont.) => db2 (cont.) => db2 (cont.) => db2 (cont.) => db2 (cont.) => db2 (cont.) => db2 (cont.) => db2 (cont.) => CREATE TABLE team ( team_id     INTEGER      NOT NULL, department  VARCHAR(30) NOT NULL, mngr_emp_id  INTEGER      NOT NULL, CONSTRAINT pk_team PRIMARY KEY (team_id), CONSTRAINT fk_team_manager FOREIGN KEY (mngr_emp_id) REFERENCES manager(emp_id) ON DELETE RESTRICT )
DB20000I  The SQL command completed successfully.

db2 => db2 => db2 => db2 (cont.) => db2 (cont.) => db2 (cont.) => db2 (cont.) => db2 (cont.) => db2 (cont.) => db2 (cont.) => db2 (cont.) => db2 (cont.) => db2 (cont.) => CREATE TABLE standard ( emp_id  INTEGER     NOT NULL, team_id INTEGER, CONSTRAINT pk_standard PRIMARY KEY (emp_id), CONSTRAINT fk_standard_employee FOREIGN KEY (emp_id) REFERENCES employee(emp_id) ON DELETE CASCADE, CONSTRAINT fk_standard_team FOREIGN KEY (team_id) REFERENCES team(team_id) ON DELETE RESTRICT )
DB20000I  The SQL command completed successfully.

db2 => db2 => db2 => db2 (cont.) => db2 (cont.) => db2 (cont.) => db2 (cont.) => db2 (cont.) => db2 (cont.) => db2 (cont.) => CREATE TABLE project ( codename       VARCHAR(20)   NOT NULL, charter        VARCHAR(2000), start_date     DATE          NOT NULL, deadline_date  DATE          NOT NULL, CONSTRAINT pk_project PRIMARY KEY (codename), CONSTRAINT ck_project_dates CHECK (deadline_date >= start_date) )
DB20000I  The SQL command completed successfully.

db2 => db2 => db2 => db2 (cont.) => db2 (cont.) => db2 (cont.) => db2 (cont.) => db2 (cont.) => db2 (cont.) => db2 (cont.) => db2 (cont.) => db2 (cont.) => db2 (cont.) => db2 (cont.) => db2 (cont.) => db2 (cont.) => db2 (cont.) => db2 (cont.) => db2 (cont.) => db2 (cont.) => db2 (cont.) => db2 (cont.) => db2 (cont.) => db2 (cont.) => CREATE TABLE component ( codename                VARCHAR(20)  NOT NULL, cmpt_name          VARCHAR(100) NOT NULL, parent_name		  VARCHAR(100), is_complete             BOOLEAN      NOT NULL, priority_num            INTEGER, CONSTRAINT pk_component PRIMARY KEY (codename, cmpt_name), CONSTRAINT fk_project FOREIGN KEY (codename) REFERENCES project(codename) ON DELETE CASCADE, CONSTRAINT fk_component_parent FOREIGN KEY (codename, parent_name) REFERENCES component(codename, cmpt_name) ON DELETE CASCADE, CONSTRAINT ck_component_priority CHECK ((is_complete = 'FALSE' AND priority_num > 0) OR (is_complete = 'TRUE' AND priority_num IS NULL)) )
DB20000I  The SQL command completed successfully.

db2 => db2 => db2 (cont.) => db2 (cont.) => db2 (cont.) => db2 (cont.) => db2 (cont.) => db2 (cont.) => db2 (cont.) => db2 (cont.) => db2 (cont.) => db2 (cont.) => db2 (cont.) => db2 (cont.) => db2 (cont.) => db2 (cont.) => db2 (cont.) => db2 (cont.) => db2 (cont.) => db2 (cont.) => db2 (cont.) => db2 (cont.) => db2 (cont.) => db2 (cont.) => CREATE TABLE supervisor ( emp_id INTEGER NOT NULL, codename VARCHAR(20), cmpt_name   VARCHAR(100), CONSTRAINT pk_supervisor PRIMARY KEY (emp_id), CONSTRAINT fk_supervisor_employee FOREIGN KEY (emp_id) REFERENCES employee(emp_id) ON DELETE CASCADE, CONSTRAINT fk_supervisor_component FOREIGN KEY (codename, cmpt_name) REFERENCES component(codename, cmpt_name) ON DELETE SET NULL, CONSTRAINT ck_supervised_component_pair CHECK ( (codename IS NULL AND cmpt_name IS NULL) OR (codename IS NOT NULL AND cmpt_name IS NOT NULL) ) )
DB20000I  The SQL command completed successfully.

db2 => db2 => db2 (cont.) => db2 (cont.) => db2 (cont.) => db2 (cont.) => db2 (cont.) => db2 (cont.) => db2 (cont.) => db2 (cont.) => db2 (cont.) => db2 (cont.) => db2 (cont.) => db2 (cont.) => CREATE TABLE director ( emp_id INTEGER NOT NULL, codename  VARCHAR(20), CONSTRAINT pk_director PRIMARY KEY (emp_id), CONSTRAINT fk_director_employee FOREIGN KEY (emp_id) REFERENCES employee(emp_id) ON DELETE CASCADE, CONSTRAINT fk_director_project FOREIGN KEY (codename) REFERENCES project(codename) ON DELETE SET NULL )
DB20000I  The SQL command completed successfully.

db2 => db2 => db2 => db2 (cont.) => db2 (cont.) => db2 (cont.) => db2 (cont.) => db2 (cont.) => db2 (cont.) => db2 (cont.) => db2 (cont.) => db2 (cont.) => db2 (cont.) => db2 (cont.) => db2 (cont.) => db2 (cont.) => db2 (cont.) => db2 (cont.) => db2 (cont.) => db2 (cont.) => CREATE TABLE objective ( codename VARCHAR(20)  NOT NULL, cmpt_name   VARCHAR(100) NOT NULL, obj_id          INTEGER      NOT NULL, description      VARCHAR(2000), goal_name        VARCHAR(100) NOT NULL, is_complete      BOOLEAN      NOT NULL, priority_num     INTEGER, CONSTRAINT pk_objective PRIMARY KEY (codename, cmpt_name, obj_id), CONSTRAINT fk_objective_component FOREIGN KEY (codename, cmpt_name) REFERENCES component(codename, cmpt_name) ON DELETE CASCADE, CONSTRAINT ck_objective_priority CHECK ((is_complete = 'FALSE' AND priority_num > 0) OR (is_complete = 'TRUE' AND priority_num IS NULL)) )
DB20000I  The SQL command completed successfully.

db2 => db2 => db2 => db2 (cont.) => db2 (cont.) => db2 (cont.) => db2 (cont.) => db2 (cont.) => db2 (cont.) => db2 (cont.) => db2 (cont.) => db2 (cont.) => db2 (cont.) => db2 (cont.) => db2 (cont.) => db2 (cont.) => db2 (cont.) => db2 (cont.) => db2 (cont.) => db2 (cont.) => db2 (cont.) => db2 (cont.) => db2 (cont.) => db2 (cont.) => db2 (cont.) => db2 (cont.) => db2 (cont.) => db2 (cont.) => CREATE TABLE task ( codename VARCHAR(20)  NOT NULL, cmpt_name   VARCHAR(100) NOT NULL, obj_id        INTEGER     NOT NULL, task_no       INTEGER     NOT NULL, creation_date DATE 	    NOT NULL, closure_date  DATE, status        VARCHAR(12) NOT NULL, description   VARCHAR(2000), priority_num  INTEGER, CONSTRAINT pk_task PRIMARY KEY (codename, cmpt_name, obj_id, task_no), CONSTRAINT fk_task_objective FOREIGN KEY (codename, cmpt_name, obj_id) REFERENCES objective(codename, cmpt_name, obj_id) ON DELETE CASCADE, CONSTRAINT ck_task_closure CHECK (closure_date IS NULL OR (closure_date >= creation_date AND (status = 'DONE' OR status = 'ABANDONED'))), CONSTRAINT ck_task_status CHECK (status IN ('TODO','IN_PROGRESS','DONE','ON_HOLD', 'ABANDONED')), CONSTRAINT ck_task_priority CHECK (priority_num IS NULL OR priority_num >= 0) )
DB20000I  The SQL command completed successfully.

db2 => db2 => db2 => db2 (cont.) => db2 (cont.) => db2 (cont.) => db2 (cont.) => db2 (cont.) => db2 (cont.) => db2 (cont.) => db2 (cont.) => db2 (cont.) => CREATE TABLE meeting ( meeting_id   INTEGER      NOT NULL, title        VARCHAR(50) NOT NULL, start_time   TIMESTAMP    NOT NULL, end_time     TIMESTAMP    NOT NULL, description  VARCHAR(2000), CONSTRAINT pk_meeting PRIMARY KEY (meeting_id), CONSTRAINT ck_meeting_time CHECK (end_time > start_time) )
DB20000I  The SQL command completed successfully.

db2 => db2 => db2 (cont.) => db2 (cont.) => db2 (cont.) => db2 (cont.) => db2 (cont.) => db2 (cont.) => db2 (cont.) => db2 (cont.) => db2 (cont.) => db2 (cont.) => db2 (cont.) => db2 (cont.) => db2 (cont.) => CREATE TABLE attends ( emp_id     INTEGER NOT NULL, meeting_id INTEGER NOT NULL, CONSTRAINT pk_employee_meeting PRIMARY KEY (emp_id, meeting_id), CONSTRAINT fk_em_meeting_employee FOREIGN KEY (emp_id) REFERENCES employee(emp_id) ON DELETE CASCADE, CONSTRAINT fk_em_meeting_meeting FOREIGN KEY (meeting_id) REFERENCES meeting(meeting_id) ON DELETE CASCADE )
DB20000I  The SQL command completed successfully.

db2 => db2 => db2 => db2 (cont.) => db2 (cont.) => db2 (cont.) => db2 (cont.) => db2 (cont.) => db2 (cont.) => db2 (cont.) => db2 (cont.) => db2 (cont.) => db2 (cont.) => db2 (cont.) => db2 (cont.) => db2 (cont.) => db2 (cont.) => db2 (cont.) => db2 (cont.) => db2 (cont.) => db2 (cont.) => db2 (cont.) => db2 (cont.) => db2 (cont.) => db2 (cont.) => db2 (cont.) => CREATE TABLE assigns ( codename VARCHAR(20) NOT NULL, cmpt_name   VARCHAR(100) NOT NULL, obj_id           INTEGER     NOT NULL, task_no     INTEGER NOT NULL, std_emp_id INTEGER NOT NULL, mngr_emp_id  INTEGER NOT NULL, CONSTRAINT pk_assigns PRIMARY KEY (codename, cmpt_name, obj_id, task_no), CONSTRAINT fk_assigns_task FOREIGN KEY (codename, cmpt_name, obj_id, task_no) REFERENCES task(codename, cmpt_name, obj_id, task_no) ON DELETE CASCADE, CONSTRAINT fk_assigns_standard FOREIGN KEY (std_emp_id) REFERENCES standard(emp_id) ON DELETE CASCADE, CONSTRAINT fk_assigns_manager FOREIGN KEY (mngr_emp_id) REFERENCES manager(emp_id) ON DELETE RESTRICT )
DB20000I  The SQL command completed successfully.

db2 => db2 => db2 => db2 (cont.) => db2 (cont.) => db2 (cont.) => db2 (cont.) => db2 (cont.) => db2 (cont.) => db2 (cont.) => db2 (cont.) => db2 (cont.) => db2 (cont.) => db2 (cont.) => db2 (cont.) => db2 (cont.) => db2 (cont.) => db2 (cont.) => db2 (cont.) => db2 (cont.) => db2 (cont.) => db2 (cont.) => CREATE TABLE distributes ( codename VARCHAR(20)  NOT NULL, cmpt_name   VARCHAR(100) NOT NULL, obj_id        INTEGER NOT NULL, spvr_emp_id INTEGER NOT NULL, team_id       INTEGER NOT NULL, CONSTRAINT pk_distributes PRIMARY KEY (codename, cmpt_name, obj_id), CONSTRAINT fk_distributes_objective FOREIGN KEY (codename, cmpt_name, obj_id) REFERENCES objective(codename, cmpt_name, obj_id) ON DELETE CASCADE, CONSTRAINT fk_distributes_supervisor FOREIGN KEY (spvr_emp_id) REFERENCES supervisor(emp_id), CONSTRAINT fk_distributes_team FOREIGN KEY (team_id) REFERENCES team(team_id) )
DB20000I  The SQL command completed successfully.

db2 => 