(c) Copyright IBM Corporation 1993,2007
Command Line Processor for DB2 Client 11.5.9.0

You can issue database manager commands and SQL statements from the command 
prompt. For example:
    db2 => connect to sample
    db2 => bind sample.bnd

For general help, type: ?.
For command help, type: ? command, where command can be
the first few keywords of a database manager command. For example:
 ? CATALOG DATABASE for help on the CATALOG DATABASE command
 ? CATALOG          for help on all of the CATALOG commands.

To exit db2 interactive mode, type QUIT at the command prompt. Outside 
interactive mode, all commands must be prefixed with 'db2'.
To list the current command option settings, type LIST COMMAND OPTIONS.

For more detailed help, refer to the Online Reference Manual.

db2 => CONNECT TO COMP421

   Database Connection Information

 Database server        = DB2/LINUXX8664 11.5.9.0
 SQL authorization ID   = CS421G02
 Local database alias   = COMP421


db2 => db2 => db2 (cont.) => db2 (cont.) => db2 (cont.) => db2 (cont.) => db2 (cont.) => db2 (cont.) => db2 (cont.) => db2 (cont.) => db2 (cont.) => db2 (cont.) => db2 (cont.) => db2 (cont.) => Create VIEW active_emp_on_bear_and_cobra (emp_id, name, position_title, project_codename, project_cmpt_name, obj_id, task_no, creation_date, status, priority_num, description) AS SELECT DISTINCT std.emp_id, std.name, std.position_title, t.codename, t.cmpt_name, t.obj_id, t.task_no, t.creation_date, t.status, t.priority_num, t.description FROM employee std, assigns a, task t WHERE std.emp_id = a.std_emp_id AND a.codename = t.codename AND a.cmpt_name = t.cmpt_name AND a.obj_id = t.obj_id AND a.task_no = t.task_no AND t.status = 'IN_PROGRESS' AND std.emp_id IN (SELECT DISTINCT A1.std_emp_id FROM assigns A1, task T1, assigns A2, task T2 WHERE A1.codename = T1.codename AND A1.cmpt_name = T1.cmpt_name AND A1.obj_id = T1.obj_id AND A1.task_no = T1.task_no AND A2.codename = T2.codename AND A2.cmpt_name = T2.cmpt_name AND A2.obj_id = T2.obj_id AND A2.task_no = T2.task_no AND A1.std_emp_id = A2.std_emp_id AND A1.codename = 'Bear' AND A2.codename = 'Cobra' AND T1.status = 'IN_PROGRESS' AND T2.status = 'IN_PROGRESS')
DB20000I  The SQL command completed successfully.

db2 => db2 => db2 (cont.) => db2 (cont.) => db2 (cont.) => SELECT emp_id, name, position_title, SUBSTR(project_codename,1,5) AS proj_codename, SUBSTR(project_cmpt_name,1,20) AS proj_cmpt_name, obj_id, task_no, creation_date, status, priority_num, SUBSTR(description, 1, 63) AS description FROM active_emp_on_bear_and_cobra FETCH FIRST 5 ROWS ONLY

EMP_ID      NAME                                     POSITION_TITLE                                     PROJ_CODENAME PROJ_CMPT_NAME       OBJ_ID      TASK_NO     CREATION_DATE STATUS       PRIORITY_NUM DESCRIPTION                                                    
----------- ---------------------------------------- -------------------------------------------------- ------------- -------------------- ----------- ----------- ------------- ------------ ------------ ---------------------------------------------------------------
          3 Dave Ciabatta                            Junior Power Systems Specialist                    Cobra         Electrical                     8           5 01/11/2026    IN_PROGRESS             2 Compile electrical testing data for the report                 
          3 Dave Ciabatta                            Junior Power Systems Specialist                    Bear          Electrical                     3          33 09/21/2025    IN_PROGRESS             4 Simulated electrical stress-testing on the entertainment system

  2 record(s) selected.


db2 => db2 => db2 (cont.) => db2 (cont.) => db2 (cont.) => db2 (cont.) => INSERT INTO active_emp_on_bear_and_cobra (emp_id, name, position_title, project_codename, project_cmpt_name, obj_id, task_no, creation_date, status, priority_num, description) VALUES (2121, 'John Smith', 'View Tester', 'Bear', 'Structural', 12, 10, DATE('2026-03-06'), 'ABANDONED', 100, 'Just testing the second view')
DB21034E  The command was processed as an SQL statement because it was not a 
valid Command Line Processor command.  During SQL processing it returned:
SQL0150N  The target fullselect, view, typed table, materialized query table, 
range-clustered table, or staging table in the INSERT, DELETE, UPDATE, MERGE, 
or TRUNCATE statement is a target for which the requested operation is not 
permitted.  SQLSTATE=42807

db2 => db2 => DROP VIEW active_emp_on_bear_and_cobra
DB20000I  The SQL command completed successfully.

db2 => 